Compiling the ISPC compiler identification source file "CMakeISPCCompilerId.ispc" failed.
Compiler: CMAKE_ISPC_COMPILER-NOTFOUND 
Build flags: 
Id flags: -o;cmake_ispc_output 

The output was:
No such file or directory


Compiling the ISPC compiler identification source file "CMakeISPCCompilerId.ispc" failed.
Compiler: CMAKE_ISPC_COMPILER-NOTFOUND 
Build flags: 
Id flags:  

The output was:
No such file or directory


Compiling the ISPC compiler identification source file "CMakeISPCCompilerId.ispc" failed.
Compiler: CMAKE_ISPC_COMPILER-NOTFOUND 
Build flags: 
Id flags: -o;cmake_ispc_output 

The output was:
No such file or directory


Compiling the ISPC compiler identification source file "CMakeISPCCompilerId.ispc" failed.
Compiler: CMAKE_ISPC_COMPILER-NOTFOUND 
Build flags: 
Id flags:  

The output was:
No such file or directory


Compiling the ISPC compiler identification source file "CMakeISPCCompilerId.ispc" failed.
Compiler: CMAKE_ISPC_COMPILER-NOTFOUND 
Build flags: 
Id flags: -o;cmake_ispc_output 

The output was:
No such file or directory


Compiling the ISPC compiler identification source file "CMakeISPCCompilerId.ispc" failed.
Compiler: CMAKE_ISPC_COMPILER-NOTFOUND 
Build flags: 
Id flags:  

The output was:
No such file or directory


Compiling the ISPC compiler identification source file "CMakeISPCCompilerId.ispc" failed.
Compiler: CMAKE_ISPC_COMPILER-NOTFOUND 
Build flags: 
Id flags: -o;cmake_ispc_output 

The output was:
No such file or directory


Compiling the ISPC compiler identification source file "CMakeISPCCompilerId.ispc" failed.
Compiler: CMAKE_ISPC_COMPILER-NOTFOUND 
Build flags: 
Id flags:  

The output was:
No such file or directory


Compiling the ISPC compiler identification source file "CMakeISPCCompilerId.ispc" failed.
Compiler: CMAKE_ISPC_COMPILER-NOTFOUND 
Build flags: 
Id flags: -o;cmake_ispc_output 

The output was:
No such file or directory


Compiling the ISPC compiler identification source file "CMakeISPCCompilerId.ispc" failed.
Compiler: CMAKE_ISPC_COMPILER-NOTFOUND 
Build flags: 
Id flags:  

The output was:
No such file or directory


Compiling the ISPC compiler identification source file "CMakeISPCCompilerId.ispc" failed.
Compiler: CMAKE_ISPC_COMPILER-NOTFOUND 
Build flags: 
Id flags: -o;cmake_ispc_output 

The output was:
No such file or directory


Compiling the ISPC compiler identification source file "CMakeISPCCompilerId.ispc" failed.
Compiler: CMAKE_ISPC_COMPILER-NOTFOUND 
Build flags: 
Id flags:  

The output was:
No such file or directory


Compiling the ISPC compiler identification source file "CMakeISPCCompilerId.ispc" failed.
Compiler: CMAKE_ISPC_COMPILER-NOTFOUND 
Build flags: 
Id flags: -o;cmake_ispc_output 

The output was:
No such file or directory


Compiling the ISPC compiler identification source file "CMakeISPCCompilerId.ispc" failed.
Compiler: CMAKE_ISPC_COMPILER-NOTFOUND 
Build flags: 
Id flags:  

The output was:
No such file or directory


Compiling the ISPC compiler identification source file "CMakeISPCCompilerId.ispc" failed.
Compiler: CMAKE_ISPC_COMPILER-NOTFOUND 
Build flags: 
Id flags: -o;cmake_ispc_output 

The output was:
No such file or directory


Compiling the ISPC compiler identification source file "CMakeISPCCompilerId.ispc" failed.
Compiler: CMAKE_ISPC_COMPILER-NOTFOUND 
Build flags: 
Id flags:  

The output was:
No such file or directory


Compiling the ISPC compiler identification source file "CMakeISPCCompilerId.ispc" failed.
Compiler: CMAKE_ISPC_COMPILER-NOTFOUND 
Build flags: 
Id flags: -o;cmake_ispc_output 

The output was:
No such file or directory


Compiling the ISPC compiler identification source file "CMakeISPCCompilerId.ispc" failed.
Compiler: CMAKE_ISPC_COMPILER-NOTFOUND 
Build flags: 
Id flags:  

The output was:
No such file or directory


Compiling the ISPC compiler identification source file "CMakeISPCCompilerId.ispc" failed.
Compiler: CMAKE_ISPC_COMPILER-NOTFOUND 
Build flags: 
Id flags: -o;cmake_ispc_output 

The output was:
No such file or directory


Compiling the ISPC compiler identification source file "CMakeISPCCompilerId.ispc" failed.
Compiler: CMAKE_ISPC_COMPILER-NOTFOUND 
Build flags: 
Id flags:  

The output was:
No such file or directory


Compiling the ISPC compiler identification source file "CMakeISPCCompilerId.ispc" failed.
Compiler: CMAKE_ISPC_COMPILER-NOTFOUND 
Build flags: 
Id flags: -o;cmake_ispc_output 

The output was:
No such file or directory


Compiling the ISPC compiler identification source file "CMakeISPCCompilerId.ispc" failed.
Compiler: CMAKE_ISPC_COMPILER-NOTFOUND 
Build flags: 
Id flags:  

The output was:
No such file or directory


Compiling the ISPC compiler identification source file "CMakeISPCCompilerId.ispc" failed.
Compiler: CMAKE_ISPC_COMPILER-NOTFOUND 
Build flags: 
Id flags: -o;cmake_ispc_output 

The output was:
No such file or directory


Compiling the ISPC compiler identification source file "CMakeISPCCompilerId.ispc" failed.
Compiler: CMAKE_ISPC_COMPILER-NOTFOUND 
Build flags: 
Id flags:  

The output was:
No such file or directory


Compiling the ISPC compiler identification source file "CMakeISPCCompilerId.ispc" failed.
Compiler: CMAKE_ISPC_COMPILER-NOTFOUND 
Build flags: 
Id flags: -o;cmake_ispc_output 

The output was:
No such file or directory


Compiling the ISPC compiler identification source file "CMakeISPCCompilerId.ispc" failed.
Compiler: CMAKE_ISPC_COMPILER-NOTFOUND 
Build flags: 
Id flags:  

The output was:
No such file or directory


Compiling the ISPC compiler identification source file "CMakeISPCCompilerId.ispc" failed.
Compiler: CMAKE_ISPC_COMPILER-NOTFOUND 
Build flags: 
Id flags: -o;cmake_ispc_output 

The output was:
No such file or directory


Compiling the ISPC compiler identification source file "CMakeISPCCompilerId.ispc" failed.
Compiler: CMAKE_ISPC_COMPILER-NOTFOUND 
Build flags: 
Id flags:  

The output was:
No such file or directory


Compiling the ISPC compiler identification source file "CMakeISPCCompilerId.ispc" failed.
Compiler: CMAKE_ISPC_COMPILER-NOTFOUND 
Build flags: 
Id flags: -o;cmake_ispc_output 

The output was:
No such file or directory


Compiling the ISPC compiler identification source file "CMakeISPCCompilerId.ispc" failed.
Compiler: CMAKE_ISPC_COMPILER-NOTFOUND 
Build flags: 
Id flags:  

The output was:
No such file or directory


Compiling the ISPC compiler identification source file "CMakeISPCCompilerId.ispc" failed.
Compiler: CMAKE_ISPC_COMPILER-NOTFOUND 
Build flags: 
Id flags: -o;cmake_ispc_output 

The output was:
No such file or directory


Compiling the ISPC compiler identification source file "CMakeISPCCompilerId.ispc" failed.
Compiler: CMAKE_ISPC_COMPILER-NOTFOUND 
Build flags: 
Id flags:  

The output was:
No such file or directory


