Performing C SOURCE FILE Test CMAKE_HAVE_LIBC_PTHREAD failed with the following output:
Change Dir: /home/ruizinho/Desktop/Universidade/Mestrado/CPD/ESC/tracer/src/CMakeFiles/CMakeTmp

Run Build Command(s):/usr/bin/make cmTC_3ecac/fast && /usr/bin/make  -f CMakeFiles/cmTC_3ecac.dir/build.make CMakeFiles/cmTC_3ecac.dir/build
make[1]: Entering directory '/home/ruizinho/Desktop/Universidade/Mestrado/CPD/ESC/tracer/src/CMakeFiles/CMakeTmp'
Building C object CMakeFiles/cmTC_3ecac.dir/src.c.o
/usr/bin/cc -DCMAKE_HAVE_LIBC_PTHREAD   -o CMakeFiles/cmTC_3ecac.dir/src.c.o -c /home/ruizinho/Desktop/Universidade/Mestrado/CPD/ESC/tracer/src/CMakeFiles/CMakeTmp/src.c
Linking C executable cmTC_3ecac
/usr/local/bin/cmake -E cmake_link_script CMakeFiles/cmTC_3ecac.dir/link.txt --verbose=1
/usr/bin/cc -rdynamic CMakeFiles/cmTC_3ecac.dir/src.c.o -o cmTC_3ecac 
CMakeFiles/cmTC_3ecac.dir/src.c.o: In function `main':
src.c:(.text+0x3e): undefined reference to `pthread_create'
src.c:(.text+0x4a): undefined reference to `pthread_detach'
src.c:(.text+0x56): undefined reference to `pthread_cancel'
src.c:(.text+0x67): undefined reference to `pthread_join'
src.c:(.text+0x7b): undefined reference to `pthread_atfork'
collect2: error: ld returned 1 exit status
CMakeFiles/cmTC_3ecac.dir/build.make:105: recipe for target 'cmTC_3ecac' failed
make[1]: *** [cmTC_3ecac] Error 1
make[1]: Leaving directory '/home/ruizinho/Desktop/Universidade/Mestrado/CPD/ESC/tracer/src/CMakeFiles/CMakeTmp'
Makefile:140: recipe for target 'cmTC_3ecac/fast' failed
make: *** [cmTC_3ecac/fast] Error 2


Source file was:
#include <pthread.h>

static void* test_func(void* data)
{
  return data;
}

int main(void)
{
  pthread_t thread;
  pthread_create(&thread, NULL, test_func, NULL);
  pthread_detach(thread);
  pthread_cancel(thread);
  pthread_join(thread, NULL);
  pthread_atfork(NULL, NULL, NULL);
  pthread_exit(NULL);

  return 0;
}

Determining if the function pthread_create exists in the pthreads failed with the following output:
Change Dir: /home/ruizinho/Desktop/Universidade/Mestrado/CPD/ESC/tracer/src/CMakeFiles/CMakeTmp

Run Build Command(s):/usr/bin/make cmTC_af484/fast && /usr/bin/make  -f CMakeFiles/cmTC_af484.dir/build.make CMakeFiles/cmTC_af484.dir/build
make[1]: Entering directory '/home/ruizinho/Desktop/Universidade/Mestrado/CPD/ESC/tracer/src/CMakeFiles/CMakeTmp'
Building C object CMakeFiles/cmTC_af484.dir/CheckFunctionExists.c.o
/usr/bin/cc   -DCHECK_FUNCTION_EXISTS=pthread_create -o CMakeFiles/cmTC_af484.dir/CheckFunctionExists.c.o -c /usr/local/share/cmake-3.19/Modules/CheckFunctionExists.c
Linking C executable cmTC_af484
/usr/local/bin/cmake -E cmake_link_script CMakeFiles/cmTC_af484.dir/link.txt --verbose=1
/usr/bin/cc  -DCHECK_FUNCTION_EXISTS=pthread_create -rdynamic CMakeFiles/cmTC_af484.dir/CheckFunctionExists.c.o -o cmTC_af484  -lpthreads 
/usr/bin/ld: cannot find -lpthreads
collect2: error: ld returned 1 exit status
CMakeFiles/cmTC_af484.dir/build.make:105: recipe for target 'cmTC_af484' failed
make[1]: *** [cmTC_af484] Error 1
make[1]: Leaving directory '/home/ruizinho/Desktop/Universidade/Mestrado/CPD/ESC/tracer/src/CMakeFiles/CMakeTmp'
Makefile:140: recipe for target 'cmTC_af484/fast' failed
make: *** [cmTC_af484/fast] Error 2



